
> manama-next@0.1.0 build
> next build

▲ Next.js 16.1.2 (Turbopack)
- Environments: .env.local

  Creating an optimized production build ...
Turbopack build encountered 1 warnings:
./postcss.config.js
Specified module format (EcmaScript Modules) is not matching the module format of the source code (CommonJs)
The EcmaScript module format was specified in the package.json that is affecting this source file or by using an special extension, but it looks like that CommonJs syntax is used in the source code.
Exports made by CommonJs syntax will lead to a runtime error, since the module is in EcmaScript mode. Either change the "type" field in the package.json or replace CommonJs syntax with EcmaScript import/export syntax in the source file.



> Build error occurred
Error: Turbopack build failed with 1 errors:
./src/app/globals.css
Error evaluating Node.js code
Error: Failed to load external module file:///home/samson/.openclaw/workspace/repos/TatT/postcss.config.js: ReferenceError: module is not defined in ES module scope
This file is being treated as an ES module because it has a '.js' file extension and '/home/samson/.openclaw/workspace/repos/TatT/package.json' contains "type": "module". To treat it as a CommonJS script, rename it to use the '.cjs' file extension.
    at Context.externalImport [as y] (turbopack:///[turbopack]/shared-node/base-externals-utils.ts:16:11) [/home/samson/.openclaw/workspace/repos/TatT/.next/build/chunks/[turbopack]_runtime.js:518:15]
    [at process.processTicksAndRejections (node:internal/process/task_queues:105:5)]
    at async (postcss.config.js_.loader.mjs:9:13) [/home/samson/.openclaw/workspace/repos/TatT/.next/build/chunks/[root-of-the-server]__6d51cb5d._.js:50:13]

Import trace:
  Client Component Browser:
    ./src/app/globals.css [Client Component Browser]
    ./src/app/layout.tsx [Server Component]


    at Context.externalImport [as y] (turbopack:///[turbopack]/shared-node/base-externals-utils.ts:16:11) [/home/samson/.openclaw/workspace/repos/TatT/.next/build/chunks/[turbopack]_runtime.js:518:15])
